2023-01-21 13:24:32,463 INFO o.a.j.u.JMeterUtils: Setting Locale to en_EN
2023-01-21 13:24:32,476 INFO o.a.j.JMeter: Loading user properties from: /opt/homebrew/Cellar/jmeter/5.5/libexec/bin/user.properties
2023-01-21 13:24:32,476 INFO o.a.j.JMeter: Loading system properties from: /opt/homebrew/Cellar/jmeter/5.5/libexec/bin/system.properties
2023-01-21 13:24:32,479 INFO o.a.j.JMeter: Copyright (c) 1998-2022 The Apache Software Foundation
2023-01-21 13:24:32,479 INFO o.a.j.JMeter: Version 5.5
2023-01-21 13:24:32,479 INFO o.a.j.JMeter: java.version=19.0.1
2023-01-21 13:24:32,479 INFO o.a.j.JMeter: java.vm.name=OpenJDK 64-Bit Server VM
2023-01-21 13:24:32,479 INFO o.a.j.JMeter: os.name=Mac OS X
2023-01-21 13:24:32,479 INFO o.a.j.JMeter: os.arch=aarch64
2023-01-21 13:24:32,479 INFO o.a.j.JMeter: os.version=12.3
2023-01-21 13:24:32,479 INFO o.a.j.JMeter: file.encoding=UTF-8
2023-01-21 13:24:32,479 INFO o.a.j.JMeter: java.awt.headless=null
2023-01-21 13:24:32,479 INFO o.a.j.JMeter: Max memory     =1073741824
2023-01-21 13:24:32,479 INFO o.a.j.JMeter: Available Processors =10
2023-01-21 13:24:32,484 INFO o.a.j.JMeter: Default Locale=English (EN)
2023-01-21 13:24:32,485 INFO o.a.j.JMeter: JMeter  Locale=English (EN)
2023-01-21 13:24:32,485 INFO o.a.j.JMeter: JMeterHome=/opt/homebrew/Cellar/jmeter/5.5/libexec
2023-01-21 13:24:32,485 INFO o.a.j.JMeter: user.dir  =/Users/mh/workspacePython/demo-api-perf
2023-01-21 13:24:32,485 INFO o.a.j.JMeter: PWD       =/Users/mh/workspacePython/demo-api-perf
2023-01-21 13:24:32,486 INFO o.a.j.JMeter: IP: 127.0.0.1 Name: Maxs-MacBook-Pro.local FullName: localhost
